0 info it worked if it ends with ok
1 verbose cli [ '/usr/bin/node', '/usr/bin/npm', 'install' ]
2 info using npm@1.4.28
3 info using node@v0.10.33
4 verbose node symlink /usr/bin/node
5 verbose readDependencies using package.json deps
6 verbose install where, deps [ '/home/kaushal/workspace/nodejs/TimeSheet',
6 verbose install   [ 'body-parser', 'connect', 'express', 'node-mysql' ] ]
7 info preinstall Time-Sheet@0.0.1
8 verbose readDependencies using package.json deps
9 verbose already installed skipping body-parser@^1.9.0 /home/kaushal/workspace/nodejs/TimeSheet
10 verbose already installed skipping connect@^3.2.0 /home/kaushal/workspace/nodejs/TimeSheet
11 verbose already installed skipping express@4.x /home/kaushal/workspace/nodejs/TimeSheet
12 verbose cache add [ 'node-mysql@2.x.x', null ]
13 verbose cache add name=undefined spec="node-mysql@2.x.x" args=["node-mysql@2.x.x",null]
14 verbose parsed url { protocol: null,
14 verbose parsed url   slashes: null,
14 verbose parsed url   auth: null,
14 verbose parsed url   host: null,
14 verbose parsed url   port: null,
14 verbose parsed url   hostname: null,
14 verbose parsed url   hash: null,
14 verbose parsed url   search: null,
14 verbose parsed url   query: null,
14 verbose parsed url   pathname: 'node-mysql@2.x.x',
14 verbose parsed url   path: 'node-mysql@2.x.x',
14 verbose parsed url   href: 'node-mysql@2.x.x' }
15 verbose cache add name="node-mysql" spec="2.x.x" args=["node-mysql","2.x.x"]
16 verbose parsed url { protocol: null,
16 verbose parsed url   slashes: null,
16 verbose parsed url   auth: null,
16 verbose parsed url   host: null,
16 verbose parsed url   port: null,
16 verbose parsed url   hostname: null,
16 verbose parsed url   hash: null,
16 verbose parsed url   search: null,
16 verbose parsed url   query: null,
16 verbose parsed url   pathname: '2.x.x',
16 verbose parsed url   path: '2.x.x',
16 verbose parsed url   href: '2.x.x' }
17 verbose addNamed [ 'node-mysql', '2.x.x' ]
18 verbose addNamed [ null, '>=2.0.0-0 <3.0.0-0' ]
19 silly lockFile aff3388f-node-mysql-2-x-x node-mysql@2.x.x
20 verbose lock node-mysql@2.x.x /home/kaushal/.npm/aff3388f-node-mysql-2-x-x.lock
21 silly addNameRange { name: 'node-mysql',
21 silly addNameRange   range: '>=2.0.0-0 <3.0.0-0',
21 silly addNameRange   hasData: false }
22 verbose request where is /node-mysql
23 verbose request registry https://registry.npmjs.org/
24 verbose request id 4fed8115c14c35e7
25 verbose url raw /node-mysql
26 verbose url resolving [ 'https://registry.npmjs.org/', './node-mysql' ]
27 verbose url resolved https://registry.npmjs.org/node-mysql
28 verbose request where is https://registry.npmjs.org/node-mysql
29 info trying registry request attempt 1 at 15:40:33
30 verbose etag "4XE227ZJPR0S4YJQSFP0ZM1CU"
31 http GET https://registry.npmjs.org/node-mysql
32 http 304 https://registry.npmjs.org/node-mysql
33 silly registry.get cb [ 304,
33 silly registry.get   { date: 'Sun, 01 Feb 2015 10:10:39 GMT',
33 silly registry.get     server: 'Apache',
33 silly registry.get     via: '1.1 varnish',
33 silly registry.get     'last-modified': 'Sun, 01 Feb 2015 10:10:39 GMT',
33 silly registry.get     'cache-control': 'max-age=60',
33 silly registry.get     etag: '"4XE227ZJPR0S4YJQSFP0ZM1CU"',
33 silly registry.get     age: '0',
33 silly registry.get     'x-served-by': 'cache-lax1435-LAX',
33 silly registry.get     'x-cache': 'MISS',
33 silly registry.get     'x-cache-hits': '0',
33 silly registry.get     'x-timer': 'S1422785439.677908,VS0,VE175',
33 silly registry.get     vary: 'Accept',
33 silly registry.get     'content-length': '0',
33 silly registry.get     'keep-alive': 'timeout=10, max=50',
33 silly registry.get     connection: 'Keep-Alive' } ]
34 verbose etag https://registry.npmjs.org/node-mysql from cache
35 silly addNameRange number 2 { name: 'node-mysql',
35 silly addNameRange   range: '>=2.0.0-0 <3.0.0-0',
35 silly addNameRange   hasData: true }
36 silly addNameRange versions [ 'node-mysql',
36 silly addNameRange   [ '0.1.1',
36 silly addNameRange     '0.1.2',
36 silly addNameRange     '0.1.3',
36 silly addNameRange     '0.1.4',
36 silly addNameRange     '0.1.5',
36 silly addNameRange     '0.1.6',
36 silly addNameRange     '0.1.7',
36 silly addNameRange     '0.1.8',
36 silly addNameRange     '0.1.9',
36 silly addNameRange     '0.2.0',
36 silly addNameRange     '0.2.1',
36 silly addNameRange     '0.2.2',
36 silly addNameRange     '0.2.3',
36 silly addNameRange     '0.2.4',
36 silly addNameRange     '0.2.5',
36 silly addNameRange     '0.2.6',
36 silly addNameRange     '0.2.7',
36 silly addNameRange     '0.2.8',
36 silly addNameRange     '0.2.9',
36 silly addNameRange     '0.3.0',
36 silly addNameRange     '0.3.1',
36 silly addNameRange     '0.3.2',
36 silly addNameRange     '0.3.3',
36 silly addNameRange     '0.3.4',
36 silly addNameRange     '0.3.5',
36 silly addNameRange     '0.3.6',
36 silly addNameRange     '0.3.7',
36 silly addNameRange     '0.3.8',
36 silly addNameRange     '0.3.9',
36 silly addNameRange     '0.4.0',
36 silly addNameRange     '0.4.1',
36 silly addNameRange     '0.4.2' ] ]
37 silly lockFile aff3388f-node-mysql-2-x-x node-mysql@2.x.x
38 silly lockFile aff3388f-node-mysql-2-x-x node-mysql@2.x.x
39 error notarget No compatible version found: node-mysql@'>=2.0.0-0 <3.0.0-0'
39 error notarget Valid install targets:
39 error notarget ["0.1.1","0.1.2","0.1.3","0.1.4","0.1.5","0.1.6","0.1.7","0.1.8","0.1.9","0.2.0","0.2.1","0.2.2","0.2.3","0.2.4","0.2.5","0.2.6","0.2.7","0.2.8","0.2.9","0.3.0","0.3.1","0.3.2","0.3.3","0.3.4","0.3.5","0.3.6","0.3.7","0.3.8","0.3.9","0.4.0","0.4.1","0.4.2"]
39 error notarget
39 error notarget This is most likely not a problem with npm itself.
39 error notarget In most cases you or one of your dependencies are requesting
39 error notarget a package version that doesn't exist.
40 error System Linux 3.13.0-44-generic
41 error command "/usr/bin/node" "/usr/bin/npm" "install"
42 error cwd /home/kaushal/workspace/nodejs/TimeSheet
43 error node -v v0.10.33
44 error npm -v 1.4.28
45 error code ETARGET
46 verbose exit [ 1, true ]
